<?xml version="1.0" encoding="UTF-8"?>
<!-- Generated by org.testng.reporters.JUnitReportReporter -->
<testsuite hostname="DESKTOP-21G8DKN" failures="0" tests="1" name="first_get_api" time="2.800" errors="0" timestamp="2021-08-28T08:36:10 IST" skipped="0">
  <testcase classname="first_get_api" name="getapiresponse" time="2.800"/>
  <system-out/>
</testsuite> <!-- first_get_api -->
